<?xml version="1.0" encoding="UTF-8"?>
<!-- Generated by org.testng.reporters.JUnitXMLReporter -->
<testsuite ignored="6" hostname="IN-BLQ0BK3" failures="0" tests="13" name="Surefire test" time="9.223" errors="0" timestamp="28 May 2022 05:16:39 GMT">
  <testcase classname="TestCase.TestBoard" name="create_board" time="1.81"/>
  <testcase classname="TestCase.TestBoard" name="update_board" time="0.588"/>
  <testcase classname="TestCase.TestBoard" name="get_board" time="0.541"/>
  <testcase classname="TestCase.TestBoard" name="delete_board" time="0.753"/>
  <testcase classname="TestCase.TestCard" name="create_card" time="0.607"/>
  <testcase classname="TestCase.TestCard" name="updateCard" time="0.587"/>
  <testcase classname="TestCase.TestCard" name="getCard" time="0.513"/>
  <testcase classname="TestCase.TestCard" name="deleteLabel" time="0.494"/>
  <testcase classname="TestCase.TestCard" name="deleteCard" time="0.594"/>
  <testcase classname="TestCase.TestList" name="create_list" time="0.596"/>
  <testcase classname="TestCase.TestList" name="updateList" time="0.561"/>
  <testcase classname="TestCase.TestList" name="getCard" time="0.522"/>
  <testcase classname="TestCase.TestList" name="archiveList" time="0.535"/>
  <testcase classname="BaseTest.BaseTest" name="@AfterSuite endReport" time="0.0">
    <ignored/>
  </testcase> <!-- @AfterSuite endReport -->
  <testcase classname="BaseTest.BaseTest" name="@AfterSuite endReport" time="0.0">
    <ignored/>
  </testcase> <!-- @AfterSuite endReport -->
  <testcase classname="BaseTest.BaseTest" name="@AfterSuite endReport" time="0.0">
    <ignored/>
  </testcase> <!-- @AfterSuite endReport -->
  <testcase classname="BaseTest.BaseTest" name="@BeforeSuite setReports" time="0.0">
    <ignored/>
  </testcase> <!-- @BeforeSuite setReports -->
  <testcase classname="BaseTest.BaseTest" name="@BeforeSuite setReports" time="0.0">
    <ignored/>
  </testcase> <!-- @BeforeSuite setReports -->
  <testcase classname="BaseTest.BaseTest" name="@BeforeSuite setReports" time="0.0">
    <ignored/>
  </testcase> <!-- @BeforeSuite setReports -->
</testsuite> <!-- Surefire test -->
